time="2023-11-07T14:44:06+05:30" level=info msg="Failed t0 read image open uploads\\branch\\Wallpaper.jpg: The system cannot find the file specified.\n"
time="2023-11-07T14:44:06+05:30" level=info msg="Failed t0 read image open uploads\\branch\\2011_kung_fu_panda-1920x1200.jpg: The system cannot find the file specified.\n"
time="2023-11-07T14:44:06+05:30" level=info msg="Failed t0 read image open uploads\\branch\\black_widow_in_avengers_movie-1920x1080.jpg: The system cannot find the file specified.\n"
time="2023-11-07T14:44:06+05:30" level=info msg="Failed t0 read image open uploads\\branch\\flag_of_india-1920x1080.jpg: The system cannot find the file specified.\n"
time="2023-11-07T14:44:06+05:30" level=info msg="Failed t0 read image open uploads\\branch\\spectacular_horizon-2880x1800.jpg: The system cannot find the file specified.\n"
time="2023-11-07T14:44:06+05:30" level=info msg="Failed t0 read image open uploads\\branch\\spectacular_horizon-2880x1800.jpg: The system cannot find the file specified.\n"
time="2023-11-08T11:47:10+05:30" level=info msg="Failed t0 read image open uploads\\branch\\Wallpaper.jpg: The system cannot find the file specified.\n"
time="2023-11-08T11:47:10+05:30" level=info msg="Failed t0 read image open uploads\\branch\\flag_of_india-1920x1080.jpg: The system cannot find the file specified.\n"
time="2023-11-08T11:47:10+05:30" level=info msg="Failed t0 read image open uploads\\branch\\black_widow_in_avengers_movie-1920x1080.jpg: The system cannot find the file specified.\n"
time="2023-11-08T11:47:10+05:30" level=info msg="Failed t0 read image open uploads\\branch\\spectacular_horizon-2880x1800.jpg: The system cannot find the file specified.\n"
time="2023-11-08T11:47:10+05:30" level=info msg="Failed t0 read image open uploads\\branch\\spectacular_horizon-2880x1800.jpg: The system cannot find the file specified.\n"
time="2023-11-08T11:47:10+05:30" level=info msg="Failed t0 read image open uploads\\branch\\2011_kung_fu_panda-1920x1200.jpg: The system cannot find the file specified.\n"
time="2023-11-08T11:49:56+05:30" level=info msg="Failed t0 read image open uploads\\branch\\Wallpaper.jpg: The system cannot find the file specified.\n"
time="2023-11-08T11:49:56+05:30" level=info msg="Failed t0 read image open uploads\\branch\\spectacular_horizon-2880x1800.jpg: The system cannot find the file specified.\n"
time="2023-11-08T11:49:56+05:30" level=info msg="Failed t0 read image open uploads\\branch\\flag_of_india-1920x1080.jpg: The system cannot find the file specified.\n"
time="2023-11-08T11:49:56+05:30" level=info msg="Failed t0 read image open uploads\\branch\\2011_kung_fu_panda-1920x1200.jpg: The system cannot find the file specified.\n"
time="2023-11-08T11:49:56+05:30" level=info msg="Failed t0 read image open uploads\\branch\\spectacular_horizon-2880x1800.jpg: The system cannot find the file specified.\n"
time="2023-11-08T11:49:56+05:30" level=info msg="Failed t0 read image open uploads\\branch\\black_widow_in_avengers_movie-1920x1080.jpg: The system cannot find the file specified.\n"
time="2023-11-08T12:51:27+05:30" level=info msg="Failed t0 read image open uploads\\branch\\flag_of_india-1920x1080.jpg: The system cannot find the file specified.\n"
time="2023-11-08T12:51:27+05:30" level=info msg="Failed t0 read image open uploads\\branch\\spectacular_horizon-2880x1800.jpg: The system cannot find the file specified.\n"
time="2023-11-08T12:51:27+05:30" level=info msg="Failed t0 read image open uploads\\branch\\2011_kung_fu_panda-1920x1200.jpg: The system cannot find the file specified.\n"
time="2023-11-08T12:51:28+05:30" level=info msg="Failed t0 read image open uploads\\branch\\black_widow_in_avengers_movie-1920x1080.jpg: The system cannot find the file specified.\n"
time="2023-11-08T12:51:28+05:30" level=info msg="Failed t0 read image open uploads\\branch\\spectacular_horizon-2880x1800.jpg: The system cannot find the file specified.\n"
time="2023-11-08T12:51:28+05:30" level=info msg="Failed t0 read image open uploads\\branch\\Wallpaper.jpg: The system cannot find the file specified.\n"
time="2023-11-08T12:57:34+05:30" level=info msg="Failed t0 read image open uploads\\branch\\Wallpaper.jpg: The system cannot find the file specified.\n"
time="2023-11-08T12:57:34+05:30" level=info msg="Failed t0 read image open uploads\\branch\\flag_of_india-1920x1080.jpg: The system cannot find the file specified.\n"
time="2023-11-08T12:57:34+05:30" level=info msg="Failed t0 read image open uploads\\branch\\spectacular_horizon-2880x1800.jpg: The system cannot find the file specified.\n"
time="2023-11-08T12:57:34+05:30" level=info msg="Failed t0 read image open uploads\\branch\\2011_kung_fu_panda-1920x1200.jpg: The system cannot find the file specified.\n"
time="2023-11-08T12:57:34+05:30" level=info msg="Failed t0 read image open uploads\\branch\\black_widow_in_avengers_movie-1920x1080.jpg: The system cannot find the file specified.\n"
time="2023-11-08T12:57:34+05:30" level=info msg="Failed t0 read image open uploads\\branch\\spectacular_horizon-2880x1800.jpg: The system cannot find the file specified.\n"
time="2023-11-08T12:59:34+05:30" level=info msg="Failed t0 read image open uploads\\branch\\Wallpaper.jpg: The system cannot find the file specified.\n"
time="2023-11-08T12:59:34+05:30" level=info msg="Failed t0 read image open uploads\\branch\\2011_kung_fu_panda-1920x1200.jpg: The system cannot find the file specified.\n"
time="2023-11-08T12:59:34+05:30" level=info msg="Failed t0 read image open uploads\\branch\\flag_of_india-1920x1080.jpg: The system cannot find the file specified.\n"
time="2023-11-08T12:59:34+05:30" level=info msg="Failed t0 read image open uploads\\branch\\spectacular_horizon-2880x1800.jpg: The system cannot find the file specified.\n"
time="2023-11-08T12:59:34+05:30" level=info msg="Failed t0 read image open uploads\\branch\\spectacular_horizon-2880x1800.jpg: The system cannot find the file specified.\n"
time="2023-11-08T12:59:34+05:30" level=info msg="Failed t0 read image open uploads\\branch\\black_widow_in_avengers_movie-1920x1080.jpg: The system cannot find the file specified.\n"
time="2023-11-08T13:03:52+05:30" level=info msg="Failed t0 read image open uploads\\branch\\spectacular_horizon-2880x1800.jpg: The system cannot find the file specified.\n"
time="2023-11-08T13:03:52+05:30" level=info msg="Failed t0 read image open uploads\\branch\\flag_of_india-1920x1080.jpg: The system cannot find the file specified.\n"
time="2023-11-08T13:03:52+05:30" level=info msg="Failed t0 read image open uploads\\branch\\black_widow_in_avengers_movie-1920x1080.jpg: The system cannot find the file specified.\n"
time="2023-11-08T13:03:52+05:30" level=info msg="Failed t0 read image open uploads\\branch\\2011_kung_fu_panda-1920x1200.jpg: The system cannot find the file specified.\n"
time="2023-11-08T13:03:52+05:30" level=info msg="Failed t0 read image open uploads\\branch\\Wallpaper.jpg: The system cannot find the file specified.\n"
time="2023-11-08T13:03:52+05:30" level=info msg="Failed t0 read image open uploads\\branch\\spectacular_horizon-2880x1800.jpg: The system cannot find the file specified.\n"
time="2023-11-08T13:06:59+05:30" level=info msg="Failed t0 read image open uploads\\branch\\Wallpaper.jpg: The system cannot find the file specified.\n"
time="2023-11-08T13:06:59+05:30" level=info msg="Failed t0 read image open uploads\\branch\\spectacular_horizon-2880x1800.jpg: The system cannot find the file specified.\n"
time="2023-11-08T13:06:59+05:30" level=info msg="Failed t0 read image open uploads\\branch\\flag_of_india-1920x1080.jpg: The system cannot find the file specified.\n"
time="2023-11-08T13:06:59+05:30" level=info msg="Failed t0 read image open uploads\\branch\\2011_kung_fu_panda-1920x1200.jpg: The system cannot find the file specified.\n"
time="2023-11-08T13:06:59+05:30" level=info msg="Failed t0 read image open uploads\\branch\\black_widow_in_avengers_movie-1920x1080.jpg: The system cannot find the file specified.\n"
time="2023-11-08T13:06:59+05:30" level=info msg="Failed t0 read image open uploads\\branch\\spectacular_horizon-2880x1800.jpg: The system cannot find the file specified.\n"
time="2023-11-08T13:07:15+05:30" level=info msg="Failed t0 read image open uploads\\branch\\spectacular_horizon-2880x1800.jpg: The system cannot find the file specified.\n"
time="2023-11-08T13:07:15+05:30" level=info msg="Failed t0 read image open uploads\\branch\\Wallpaper.jpg: The system cannot find the file specified.\n"
time="2023-11-08T13:07:15+05:30" level=info msg="Failed t0 read image open uploads\\branch\\spectacular_horizon-2880x1800.jpg: The system cannot find the file specified.\n"
time="2023-11-08T13:07:15+05:30" level=info msg="Failed t0 read image open uploads\\branch\\flag_of_india-1920x1080.jpg: The system cannot find the file specified.\n"
time="2023-11-08T13:07:15+05:30" level=info msg="Failed t0 read image open uploads\\branch\\2011_kung_fu_panda-1920x1200.jpg: The system cannot find the file specified.\n"
time="2023-11-08T13:07:15+05:30" level=info msg="Failed t0 read image open uploads\\branch\\black_widow_in_avengers_movie-1920x1080.jpg: The system cannot find the file specified.\n"
time="2023-11-08T13:07:49+05:30" level=info msg="Failed t0 read image open uploads\\branch\\flag_of_india-1920x1080.jpg: The system cannot find the file specified.\n"
time="2023-11-08T13:07:49+05:30" level=info msg="Failed t0 read image open uploads\\branch\\Wallpaper.jpg: The system cannot find the file specified.\n"
time="2023-11-08T13:07:49+05:30" level=info msg="Failed t0 read image open uploads\\branch\\spectacular_horizon-2880x1800.jpg: The system cannot find the file specified.\n"
time="2023-11-08T13:07:49+05:30" level=info msg="Failed t0 read image open uploads\\branch\\2011_kung_fu_panda-1920x1200.jpg: The system cannot find the file specified.\n"
time="2023-11-08T13:07:49+05:30" level=info msg="Failed t0 read image open uploads\\branch\\spectacular_horizon-2880x1800.jpg: The system cannot find the file specified.\n"
time="2023-11-08T13:07:49+05:30" level=info msg="Failed t0 read image open uploads\\branch\\black_widow_in_avengers_movie-1920x1080.jpg: The system cannot find the file specified.\n"
time="2023-11-08T13:09:11+05:30" level=info msg="Failed t0 read image open uploads\\branch\\spectacular_horizon-2880x1800.jpg: The system cannot find the file specified.\n"
time="2023-11-08T13:09:11+05:30" level=info msg="Failed t0 read image open uploads\\branch\\black_widow_in_avengers_movie-1920x1080.jpg: The system cannot find the file specified.\n"
time="2023-11-08T13:09:11+05:30" level=info msg="Failed t0 read image open uploads\\branch\\2011_kung_fu_panda-1920x1200.jpg: The system cannot find the file specified.\n"
time="2023-11-08T13:09:11+05:30" level=info msg="Failed t0 read image open uploads\\branch\\flag_of_india-1920x1080.jpg: The system cannot find the file specified.\n"
time="2023-11-08T13:09:11+05:30" level=info msg="Failed t0 read image open uploads\\branch\\Wallpaper.jpg: The system cannot find the file specified.\n"
time="2023-11-08T13:09:11+05:30" level=info msg="Failed t0 read image open uploads\\branch\\spectacular_horizon-2880x1800.jpg: The system cannot find the file specified.\n"
time="2023-11-08T13:11:36+05:30" level=info msg="Failed t0 read image open uploads\\branch\\Wallpaper.jpg: The system cannot find the file specified.\n"
time="2023-11-08T13:11:36+05:30" level=info msg="Failed t0 read image open uploads\\branch\\spectacular_horizon-2880x1800.jpg: The system cannot find the file specified.\n"
time="2023-11-08T13:11:36+05:30" level=info msg="Failed t0 read image open uploads\\branch\\black_widow_in_avengers_movie-1920x1080.jpg: The system cannot find the file specified.\n"
time="2023-11-08T13:11:36+05:30" level=info msg="Failed t0 read image open uploads\\branch\\spectacular_horizon-2880x1800.jpg: The system cannot find the file specified.\n"
time="2023-11-08T13:11:36+05:30" level=info msg="Failed t0 read image open uploads\\branch\\2011_kung_fu_panda-1920x1200.jpg: The system cannot find the file specified.\n"
time="2023-11-08T13:11:36+05:30" level=info msg="Failed t0 read image open uploads\\branch\\flag_of_india-1920x1080.jpg: The system cannot find the file specified.\n"
time="2023-11-08T13:21:21+05:30" level=info msg="Failed t0 read image open uploads\\branch\\Wallpaper.jpg: The system cannot find the file specified.\n"
time="2023-11-08T13:21:21+05:30" level=info msg="Failed t0 read image open uploads\\branch\\flag_of_india-1920x1080.jpg: The system cannot find the file specified.\n"
time="2023-11-08T13:21:21+05:30" level=info msg="Failed t0 read image open uploads\\branch\\black_widow_in_avengers_movie-1920x1080.jpg: The system cannot find the file specified.\n"
time="2023-11-08T13:21:21+05:30" level=info msg="Failed t0 read image open uploads\\branch\\spectacular_horizon-2880x1800.jpg: The system cannot find the file specified.\n"
time="2023-11-08T13:21:21+05:30" level=info msg="Failed t0 read image open uploads\\branch\\spectacular_horizon-2880x1800.jpg: The system cannot find the file specified.\n"
time="2023-11-08T13:21:21+05:30" level=info msg="Failed t0 read image open uploads\\branch\\2011_kung_fu_panda-1920x1200.jpg: The system cannot find the file specified.\n"
time="2023-11-08T13:22:19+05:30" level=info msg="Failed t0 read image open uploads\\branch\\Wallpaper.jpg: The system cannot find the file specified.\n"
time="2023-11-08T13:22:19+05:30" level=info msg="Failed t0 read image open uploads\\branch\\spectacular_horizon-2880x1800.jpg: The system cannot find the file specified.\n"
time="2023-11-08T13:22:19+05:30" level=info msg="Failed t0 read image open uploads\\branch\\black_widow_in_avengers_movie-1920x1080.jpg: The system cannot find the file specified.\n"
time="2023-11-08T13:22:19+05:30" level=info msg="Failed t0 read image open uploads\\branch\\flag_of_india-1920x1080.jpg: The system cannot find the file specified.\n"
time="2023-11-08T13:22:19+05:30" level=info msg="Failed t0 read image open uploads\\branch\\2011_kung_fu_panda-1920x1200.jpg: The system cannot find the file specified.\n"
time="2023-11-08T13:22:19+05:30" level=info msg="Failed t0 read image open uploads\\branch\\spectacular_horizon-2880x1800.jpg: The system cannot find the file specified.\n"
time="2023-11-08T13:23:10+05:30" level=info msg="Failed t0 read image open uploads\\branch\\Wallpaper.jpg: The system cannot find the file specified.\n"
time="2023-11-08T13:23:10+05:30" level=info msg="Failed t0 read image open uploads\\branch\\2011_kung_fu_panda-1920x1200.jpg: The system cannot find the file specified.\n"
time="2023-11-08T13:23:10+05:30" level=info msg="Failed t0 read image open uploads\\branch\\flag_of_india-1920x1080.jpg: The system cannot find the file specified.\n"
time="2023-11-08T13:23:10+05:30" level=info msg="Failed t0 read image open uploads\\branch\\black_widow_in_avengers_movie-1920x1080.jpg: The system cannot find the file specified.\n"
time="2023-11-08T13:23:10+05:30" level=info msg="Failed t0 read image open uploads\\branch\\spectacular_horizon-2880x1800.jpg: The system cannot find the file specified.\n"
time="2023-11-08T13:23:10+05:30" level=info msg="Failed t0 read image open uploads\\branch\\spectacular_horizon-2880x1800.jpg: The system cannot find the file specified.\n"
time="2023-11-08T13:24:39+05:30" level=info msg="Failed t0 read image open uploads\\branch\\Wallpaper.jpg: The system cannot find the file specified.\n"
time="2023-11-08T13:24:39+05:30" level=info msg="Failed t0 read image open uploads\\branch\\spectacular_horizon-2880x1800.jpg: The system cannot find the file specified.\n"
time="2023-11-08T13:24:39+05:30" level=info msg="Failed t0 read image open uploads\\branch\\2011_kung_fu_panda-1920x1200.jpg: The system cannot find the file specified.\n"
time="2023-11-08T13:24:39+05:30" level=info msg="Failed t0 read image open uploads\\branch\\spectacular_horizon-2880x1800.jpg: The system cannot find the file specified.\n"
time="2023-11-08T13:24:39+05:30" level=info msg="Failed t0 read image open uploads\\branch\\black_widow_in_avengers_movie-1920x1080.jpg: The system cannot find the file specified.\n"
time="2023-11-08T13:24:39+05:30" level=info msg="Failed t0 read image open uploads\\branch\\flag_of_india-1920x1080.jpg: The system cannot find the file specified.\n"
time="2023-11-08T13:25:26+05:30" level=info msg="Failed t0 read image open uploads\\branch\\Wallpaper.jpg: The system cannot find the file specified.\n"
time="2023-11-08T13:25:26+05:30" level=info msg="Failed t0 read image open uploads\\branch\\black_widow_in_avengers_movie-1920x1080.jpg: The system cannot find the file specified.\n"
time="2023-11-08T13:25:26+05:30" level=info msg="Failed t0 read image open uploads\\branch\\2011_kung_fu_panda-1920x1200.jpg: The system cannot find the file specified.\n"
time="2023-11-08T13:25:26+05:30" level=info msg="Failed t0 read image open uploads\\branch\\flag_of_india-1920x1080.jpg: The system cannot find the file specified.\n"
time="2023-11-08T13:25:26+05:30" level=info msg="Failed t0 read image open uploads\\branch\\spectacular_horizon-2880x1800.jpg: The system cannot find the file specified.\n"
time="2023-11-08T13:25:26+05:30" level=info msg="Failed t0 read image open uploads\\branch\\spectacular_horizon-2880x1800.jpg: The system cannot find the file specified.\n"
time="2023-11-08T13:56:15+05:30" level=info msg="Failed t0 read image open uploads\\branch\\Wallpaper.jpg: The system cannot find the file specified.\n"
time="2023-11-08T13:56:15+05:30" level=info msg="Failed t0 read image open uploads\\branch\\spectacular_horizon-2880x1800.jpg: The system cannot find the file specified.\n"
time="2023-11-08T13:56:15+05:30" level=info msg="Failed t0 read image open uploads\\branch\\flag_of_india-1920x1080.jpg: The system cannot find the file specified.\n"
time="2023-11-08T13:56:15+05:30" level=info msg="Failed t0 read image open uploads\\branch\\2011_kung_fu_panda-1920x1200.jpg: The system cannot find the file specified.\n"
time="2023-11-08T13:56:15+05:30" level=info msg="Failed t0 read image open uploads\\branch\\spectacular_horizon-2880x1800.jpg: The system cannot find the file specified.\n"
time="2023-11-08T13:56:15+05:30" level=info msg="Failed t0 read image open uploads\\branch\\black_widow_in_avengers_movie-1920x1080.jpg: The system cannot find the file specified.\n"
time="2023-11-08T13:56:45+05:30" level=info msg="Failed t0 read image open uploads\\branch\\Wallpaper.jpg: The system cannot find the file specified.\n"
time="2023-11-08T13:56:45+05:30" level=info msg="Failed t0 read image open uploads\\branch\\spectacular_horizon-2880x1800.jpg: The system cannot find the file specified.\n"
time="2023-11-08T13:56:45+05:30" level=info msg="Failed t0 read image open uploads\\branch\\flag_of_india-1920x1080.jpg: The system cannot find the file specified.\n"
time="2023-11-08T13:56:45+05:30" level=info msg="Failed t0 read image open uploads\\branch\\2011_kung_fu_panda-1920x1200.jpg: The system cannot find the file specified.\n"
time="2023-11-08T13:56:45+05:30" level=info msg="Failed t0 read image open uploads\\branch\\black_widow_in_avengers_movie-1920x1080.jpg: The system cannot find the file specified.\n"
time="2023-11-08T13:56:45+05:30" level=info msg="Failed t0 read image open uploads\\branch\\spectacular_horizon-2880x1800.jpg: The system cannot find the file specified.\n"
time="2023-11-08T13:59:55+05:30" level=info msg="Failed t0 read image open uploads\\branch\\Wallpaper.jpg: The system cannot find the file specified.\n"
time="2023-11-08T13:59:55+05:30" level=info msg="Failed t0 read image open uploads\\branch\\spectacular_horizon-2880x1800.jpg: The system cannot find the file specified.\n"
time="2023-11-08T13:59:55+05:30" level=info msg="Failed t0 read image open uploads\\branch\\spectacular_horizon-2880x1800.jpg: The system cannot find the file specified.\n"
time="2023-11-08T13:59:55+05:30" level=info msg="Failed t0 read image open uploads\\branch\\2011_kung_fu_panda-1920x1200.jpg: The system cannot find the file specified.\n"
time="2023-11-08T13:59:55+05:30" level=info msg="Failed t0 read image open uploads\\branch\\flag_of_india-1920x1080.jpg: The system cannot find the file specified.\n"
time="2023-11-08T13:59:55+05:30" level=info msg="Failed t0 read image open uploads\\branch\\black_widow_in_avengers_movie-1920x1080.jpg: The system cannot find the file specified.\n"
time="2023-11-08T14:01:06+05:30" level=info msg="Failed t0 read image open uploads\\branch\\Wallpaper.jpg: The system cannot find the file specified.\n"
time="2023-11-08T14:01:06+05:30" level=info msg="Failed t0 read image open uploads\\branch\\flag_of_india-1920x1080.jpg: The system cannot find the file specified.\n"
time="2023-11-08T14:01:06+05:30" level=info msg="Failed t0 read image open uploads\\branch\\spectacular_horizon-2880x1800.jpg: The system cannot find the file specified.\n"
time="2023-11-08T14:01:06+05:30" level=info msg="Failed t0 read image open uploads\\branch\\black_widow_in_avengers_movie-1920x1080.jpg: The system cannot find the file specified.\n"
time="2023-11-08T14:01:06+05:30" level=info msg="Failed t0 read image open uploads\\branch\\2011_kung_fu_panda-1920x1200.jpg: The system cannot find the file specified.\n"
time="2023-11-08T14:01:06+05:30" level=info msg="Failed t0 read image open uploads\\branch\\spectacular_horizon-2880x1800.jpg: The system cannot find the file specified.\n"
time="2023-11-08T14:01:37+05:30" level=info msg="Failed t0 read image open uploads\\branch\\Wallpaper.jpg: The system cannot find the file specified.\n"
time="2023-11-08T14:01:37+05:30" level=info msg="Failed t0 read image open uploads\\branch\\spectacular_horizon-2880x1800.jpg: The system cannot find the file specified.\n"
time="2023-11-08T14:01:37+05:30" level=info msg="Failed t0 read image open uploads\\branch\\flag_of_india-1920x1080.jpg: The system cannot find the file specified.\n"
time="2023-11-08T14:01:37+05:30" level=info msg="Failed t0 read image open uploads\\branch\\spectacular_horizon-2880x1800.jpg: The system cannot find the file specified.\n"
time="2023-11-08T14:01:37+05:30" level=info msg="Failed t0 read image open uploads\\branch\\black_widow_in_avengers_movie-1920x1080.jpg: The system cannot find the file specified.\n"
time="2023-11-08T14:01:37+05:30" level=info msg="Failed t0 read image open uploads\\branch\\2011_kung_fu_panda-1920x1200.jpg: The system cannot find the file specified.\n"
time="2023-11-08T14:01:58+05:30" level=info msg="Failed t0 read image open uploads\\branch\\Wallpaper.jpg: The system cannot find the file specified.\n"
time="2023-11-08T14:01:58+05:30" level=info msg="Failed t0 read image open uploads\\branch\\flag_of_india-1920x1080.jpg: The system cannot find the file specified.\n"
time="2023-11-08T14:01:58+05:30" level=info msg="Failed t0 read image open uploads\\branch\\spectacular_horizon-2880x1800.jpg: The system cannot find the file specified.\n"
time="2023-11-08T14:01:58+05:30" level=info msg="Failed t0 read image open uploads\\branch\\2011_kung_fu_panda-1920x1200.jpg: The system cannot find the file specified.\n"
time="2023-11-08T14:01:58+05:30" level=info msg="Failed t0 read image open uploads\\branch\\black_widow_in_avengers_movie-1920x1080.jpg: The system cannot find the file specified.\n"
time="2023-11-08T14:01:58+05:30" level=info msg="Failed t0 read image open uploads\\branch\\spectacular_horizon-2880x1800.jpg: The system cannot find the file specified.\n"
time="2023-11-08T14:03:08+05:30" level=info msg="Failed t0 read image open uploads\\branch\\Wallpaper.jpg: The system cannot find the file specified.\n"
time="2023-11-08T14:03:08+05:30" level=info msg="Failed t0 read image open uploads\\branch\\flag_of_india-1920x1080.jpg: The system cannot find the file specified.\n"
time="2023-11-08T14:03:08+05:30" level=info msg="Failed t0 read image open uploads\\branch\\spectacular_horizon-2880x1800.jpg: The system cannot find the file specified.\n"
time="2023-11-08T14:03:08+05:30" level=info msg="Failed t0 read image open uploads\\branch\\spectacular_horizon-2880x1800.jpg: The system cannot find the file specified.\n"
time="2023-11-08T14:03:08+05:30" level=info msg="Failed t0 read image open uploads\\branch\\2011_kung_fu_panda-1920x1200.jpg: The system cannot find the file specified.\n"
time="2023-11-08T14:03:08+05:30" level=info msg="Failed t0 read image open uploads\\branch\\black_widow_in_avengers_movie-1920x1080.jpg: The system cannot find the file specified.\n"
time="2023-11-08T14:03:58+05:30" level=info msg="Failed t0 read image open uploads\\branch\\flag_of_india-1920x1080.jpg: The system cannot find the file specified.\n"
time="2023-11-08T14:03:58+05:30" level=info msg="Failed t0 read image open uploads\\branch\\spectacular_horizon-2880x1800.jpg: The system cannot find the file specified.\n"
time="2023-11-08T14:03:58+05:30" level=info msg="Failed t0 read image open uploads\\branch\\spectacular_horizon-2880x1800.jpg: The system cannot find the file specified.\n"
time="2023-11-08T14:03:58+05:30" level=info msg="Failed t0 read image open uploads\\branch\\black_widow_in_avengers_movie-1920x1080.jpg: The system cannot find the file specified.\n"
time="2023-11-08T14:03:58+05:30" level=info msg="Failed t0 read image open uploads\\branch\\2011_kung_fu_panda-1920x1200.jpg: The system cannot find the file specified.\n"
time="2023-11-08T14:03:58+05:30" level=info msg="Failed t0 read image open uploads\\branch\\Wallpaper.jpg: The system cannot find the file specified.\n"
time="2023-11-08T14:05:09+05:30" level=info msg="Failed t0 read image open uploads\\branch\\Wallpaper.jpg: The system cannot find the file specified.\n"
time="2023-11-08T14:05:09+05:30" level=info msg="Failed t0 read image open uploads\\branch\\spectacular_horizon-2880x1800.jpg: The system cannot find the file specified.\n"
time="2023-11-08T14:05:09+05:30" level=info msg="Failed t0 read image open uploads\\branch\\flag_of_india-1920x1080.jpg: The system cannot find the file specified.\n"
time="2023-11-08T14:05:09+05:30" level=info msg="Failed t0 read image open uploads\\branch\\2011_kung_fu_panda-1920x1200.jpg: The system cannot find the file specified.\n"
time="2023-11-08T14:05:09+05:30" level=info msg="Failed t0 read image open uploads\\branch\\black_widow_in_avengers_movie-1920x1080.jpg: The system cannot find the file specified.\n"
time="2023-11-08T14:05:09+05:30" level=info msg="Failed t0 read image open uploads\\branch\\spectacular_horizon-2880x1800.jpg: The system cannot find the file specified.\n"
time="2023-11-08T14:05:33+05:30" level=info msg="Failed t0 read image open uploads\\branch\\spectacular_horizon-2880x1800.jpg: The system cannot find the file specified.\n"
time="2023-11-08T14:05:33+05:30" level=info msg="Failed t0 read image open uploads\\branch\\Wallpaper.jpg: The system cannot find the file specified.\n"
time="2023-11-08T14:05:33+05:30" level=info msg="Failed t0 read image open uploads\\branch\\2011_kung_fu_panda-1920x1200.jpg: The system cannot find the file specified.\n"
time="2023-11-08T14:05:33+05:30" level=info msg="Failed t0 read image open uploads\\branch\\black_widow_in_avengers_movie-1920x1080.jpg: The system cannot find the file specified.\n"
time="2023-11-08T14:05:33+05:30" level=info msg="Failed t0 read image open uploads\\branch\\flag_of_india-1920x1080.jpg: The system cannot find the file specified.\n"
time="2023-11-08T14:05:33+05:30" level=info msg="Failed t0 read image open uploads\\branch\\spectacular_horizon-2880x1800.jpg: The system cannot find the file specified.\n"
time="2023-11-08T14:06:37+05:30" level=info msg="Failed t0 read image open uploads\\branch\\spectacular_horizon-2880x1800.jpg: The system cannot find the file specified.\n"
time="2023-11-08T14:06:37+05:30" level=info msg="Failed t0 read image open uploads\\branch\\Wallpaper.jpg: The system cannot find the file specified.\n"
time="2023-11-08T14:06:37+05:30" level=info msg="Failed t0 read image open uploads\\branch\\black_widow_in_avengers_movie-1920x1080.jpg: The system cannot find the file specified.\n"
time="2023-11-08T14:06:37+05:30" level=info msg="Failed t0 read image open uploads\\branch\\spectacular_horizon-2880x1800.jpg: The system cannot find the file specified.\n"
time="2023-11-08T14:06:37+05:30" level=info msg="Failed t0 read image open uploads\\branch\\2011_kung_fu_panda-1920x1200.jpg: The system cannot find the file specified.\n"
time="2023-11-08T14:06:37+05:30" level=info msg="Failed t0 read image open uploads\\branch\\flag_of_india-1920x1080.jpg: The system cannot find the file specified.\n"
time="2023-11-08T14:07:00+05:30" level=info msg="Failed t0 read image open uploads\\branch\\Wallpaper.jpg: The system cannot find the file specified.\n"
time="2023-11-08T14:07:00+05:30" level=info msg="Failed t0 read image open uploads\\branch\\spectacular_horizon-2880x1800.jpg: The system cannot find the file specified.\n"
time="2023-11-08T14:07:00+05:30" level=info msg="Failed t0 read image open uploads\\branch\\2011_kung_fu_panda-1920x1200.jpg: The system cannot find the file specified.\n"
time="2023-11-08T14:07:00+05:30" level=info msg="Failed t0 read image open uploads\\branch\\flag_of_india-1920x1080.jpg: The system cannot find the file specified.\n"
time="2023-11-08T14:07:00+05:30" level=info msg="Failed t0 read image open uploads\\branch\\spectacular_horizon-2880x1800.jpg: The system cannot find the file specified.\n"
time="2023-11-08T14:07:00+05:30" level=info msg="Failed t0 read image open uploads\\branch\\black_widow_in_avengers_movie-1920x1080.jpg: The system cannot find the file specified.\n"
time="2023-11-08T14:07:19+05:30" level=info msg="Failed t0 read image open uploads\\branch\\Wallpaper.jpg: The system cannot find the file specified.\n"
time="2023-11-08T14:07:19+05:30" level=info msg="Failed t0 read image open uploads\\branch\\spectacular_horizon-2880x1800.jpg: The system cannot find the file specified.\n"
time="2023-11-08T14:07:19+05:30" level=info msg="Failed t0 read image open uploads\\branch\\spectacular_horizon-2880x1800.jpg: The system cannot find the file specified.\n"
time="2023-11-08T14:07:19+05:30" level=info msg="Failed t0 read image open uploads\\branch\\flag_of_india-1920x1080.jpg: The system cannot find the file specified.\n"
time="2023-11-08T14:07:19+05:30" level=info msg="Failed t0 read image open uploads\\branch\\black_widow_in_avengers_movie-1920x1080.jpg: The system cannot find the file specified.\n"
time="2023-11-08T14:07:19+05:30" level=info msg="Failed t0 read image open uploads\\branch\\2011_kung_fu_panda-1920x1200.jpg: The system cannot find the file specified.\n"
time="2023-11-08T14:08:09+05:30" level=info msg="Failed t0 read image open uploads\\branch\\spectacular_horizon-2880x1800.jpg: The system cannot find the file specified.\n"
time="2023-11-08T14:08:09+05:30" level=info msg="Failed t0 read image open uploads\\branch\\Wallpaper.jpg: The system cannot find the file specified.\n"
time="2023-11-08T14:08:09+05:30" level=info msg="Failed t0 read image open uploads\\branch\\2011_kung_fu_panda-1920x1200.jpg: The system cannot find the file specified.\n"
time="2023-11-08T14:08:09+05:30" level=info msg="Failed t0 read image open uploads\\branch\\flag_of_india-1920x1080.jpg: The system cannot find the file specified.\n"
time="2023-11-08T14:08:09+05:30" level=info msg="Failed t0 read image open uploads\\branch\\spectacular_horizon-2880x1800.jpg: The system cannot find the file specified.\n"
time="2023-11-08T14:08:09+05:30" level=info msg="Failed t0 read image open uploads\\branch\\black_widow_in_avengers_movie-1920x1080.jpg: The system cannot find the file specified.\n"
time="2023-11-08T14:08:31+05:30" level=info msg="Failed t0 read image open uploads\\branch\\Wallpaper.jpg: The system cannot find the file specified.\n"
time="2023-11-08T14:08:31+05:30" level=info msg="Failed t0 read image open uploads\\branch\\spectacular_horizon-2880x1800.jpg: The system cannot find the file specified.\n"
time="2023-11-08T14:08:31+05:30" level=info msg="Failed t0 read image open uploads\\branch\\spectacular_horizon-2880x1800.jpg: The system cannot find the file specified.\n"
time="2023-11-08T14:08:31+05:30" level=info msg="Failed t0 read image open uploads\\branch\\flag_of_india-1920x1080.jpg: The system cannot find the file specified.\n"
time="2023-11-08T14:08:31+05:30" level=info msg="Failed t0 read image open uploads\\branch\\2011_kung_fu_panda-1920x1200.jpg: The system cannot find the file specified.\n"
time="2023-11-08T14:08:31+05:30" level=info msg="Failed t0 read image open uploads\\branch\\black_widow_in_avengers_movie-1920x1080.jpg: The system cannot find the file specified.\n"
time="2023-11-08T14:09:00+05:30" level=info msg="Failed t0 read image open uploads\\branch\\spectacular_horizon-2880x1800.jpg: The system cannot find the file specified.\n"
time="2023-11-08T14:09:00+05:30" level=info msg="Failed t0 read image open uploads\\branch\\Wallpaper.jpg: The system cannot find the file specified.\n"
time="2023-11-08T14:09:00+05:30" level=info msg="Failed t0 read image open uploads\\branch\\spectacular_horizon-2880x1800.jpg: The system cannot find the file specified.\n"
time="2023-11-08T14:09:00+05:30" level=info msg="Failed t0 read image open uploads\\branch\\flag_of_india-1920x1080.jpg: The system cannot find the file specified.\n"
time="2023-11-08T14:09:00+05:30" level=info msg="Failed t0 read image open uploads\\branch\\2011_kung_fu_panda-1920x1200.jpg: The system cannot find the file specified.\n"
time="2023-11-08T14:09:00+05:30" level=info msg="Failed t0 read image open uploads\\branch\\black_widow_in_avengers_movie-1920x1080.jpg: The system cannot find the file specified.\n"
time="2023-11-08T14:09:33+05:30" level=info msg="Failed t0 read image open uploads\\branch\\Wallpaper.jpg: The system cannot find the file specified.\n"
time="2023-11-08T14:09:33+05:30" level=info msg="Failed t0 read image open uploads\\branch\\spectacular_horizon-2880x1800.jpg: The system cannot find the file specified.\n"
time="2023-11-08T14:09:33+05:30" level=info msg="Failed t0 read image open uploads\\branch\\black_widow_in_avengers_movie-1920x1080.jpg: The system cannot find the file specified.\n"
time="2023-11-08T14:09:33+05:30" level=info msg="Failed t0 read image open uploads\\branch\\2011_kung_fu_panda-1920x1200.jpg: The system cannot find the file specified.\n"
time="2023-11-08T14:09:33+05:30" level=info msg="Failed t0 read image open uploads\\branch\\flag_of_india-1920x1080.jpg: The system cannot find the file specified.\n"
time="2023-11-08T14:09:33+05:30" level=info msg="Failed t0 read image open uploads\\branch\\spectacular_horizon-2880x1800.jpg: The system cannot find the file specified.\n"
time="2023-11-08T14:11:09+05:30" level=info msg="Failed t0 read image open uploads\\branch\\spectacular_horizon-2880x1800.jpg: The system cannot find the file specified.\n"
time="2023-11-08T14:11:09+05:30" level=info msg="Failed t0 read image open uploads\\branch\\Wallpaper.jpg: The system cannot find the file specified.\n"
time="2023-11-08T14:11:09+05:30" level=info msg="Failed t0 read image open uploads\\branch\\spectacular_horizon-2880x1800.jpg: The system cannot find the file specified.\n"
time="2023-11-08T14:11:09+05:30" level=info msg="Failed t0 read image open uploads\\branch\\black_widow_in_avengers_movie-1920x1080.jpg: The system cannot find the file specified.\n"
time="2023-11-08T14:11:09+05:30" level=info msg="Failed t0 read image open uploads\\branch\\flag_of_india-1920x1080.jpg: The system cannot find the file specified.\n"
time="2023-11-08T14:11:09+05:30" level=info msg="Failed t0 read image open uploads\\branch\\2011_kung_fu_panda-1920x1200.jpg: The system cannot find the file specified.\n"
time="2023-11-08T14:12:55+05:30" level=info msg="Failed t0 read image open uploads\\branch\\Wallpaper.jpg: The system cannot find the file specified.\n"
time="2023-11-08T14:12:55+05:30" level=info msg="Failed t0 read image open uploads\\branch\\flag_of_india-1920x1080.jpg: The system cannot find the file specified.\n"
time="2023-11-08T14:12:55+05:30" level=info msg="Failed t0 read image open uploads\\branch\\spectacular_horizon-2880x1800.jpg: The system cannot find the file specified.\n"
time="2023-11-08T14:12:55+05:30" level=info msg="Failed t0 read image open uploads\\branch\\2011_kung_fu_panda-1920x1200.jpg: The system cannot find the file specified.\n"
time="2023-11-08T14:12:55+05:30" level=info msg="Failed t0 read image open uploads\\branch\\black_widow_in_avengers_movie-1920x1080.jpg: The system cannot find the file specified.\n"
time="2023-11-08T14:12:55+05:30" level=info msg="Failed t0 read image open uploads\\branch\\spectacular_horizon-2880x1800.jpg: The system cannot find the file specified.\n"
time="2023-11-08T14:16:14+05:30" level=info msg="Failed t0 read image open uploads\\branch\\Wallpaper.jpg: The system cannot find the file specified.\n"
time="2023-11-08T14:16:14+05:30" level=info msg="Failed t0 read image open uploads\\branch\\flag_of_india-1920x1080.jpg: The system cannot find the file specified.\n"
time="2023-11-08T14:16:14+05:30" level=info msg="Failed t0 read image open uploads\\branch\\2011_kung_fu_panda-1920x1200.jpg: The system cannot find the file specified.\n"
time="2023-11-08T14:16:14+05:30" level=info msg="Failed t0 read image open uploads\\branch\\black_widow_in_avengers_movie-1920x1080.jpg: The system cannot find the file specified.\n"
time="2023-11-08T14:16:14+05:30" level=info msg="Failed t0 read image open uploads\\branch\\spectacular_horizon-2880x1800.jpg: The system cannot find the file specified.\n"
time="2023-11-08T14:16:14+05:30" level=info msg="Failed t0 read image open uploads\\branch\\spectacular_horizon-2880x1800.jpg: The system cannot find the file specified.\n"
time="2023-11-08T14:17:49+05:30" level=info msg="Failed t0 read image open uploads\\branch\\spectacular_horizon-2880x1800.jpg: The system cannot find the file specified.\n"
time="2023-11-08T14:17:49+05:30" level=info msg="Failed t0 read image open uploads\\branch\\Wallpaper.jpg: The system cannot find the file specified.\n"
time="2023-11-08T14:17:49+05:30" level=info msg="Failed t0 read image open uploads\\branch\\spectacular_horizon-2880x1800.jpg: The system cannot find the file specified.\n"
time="2023-11-08T14:17:49+05:30" level=info msg="Failed t0 read image open uploads\\branch\\flag_of_india-1920x1080.jpg: The system cannot find the file specified.\n"
time="2023-11-08T14:17:49+05:30" level=info msg="Failed t0 read image open uploads\\branch\\black_widow_in_avengers_movie-1920x1080.jpg: The system cannot find the file specified.\n"
time="2023-11-08T14:17:49+05:30" level=info msg="Failed t0 read image open uploads\\branch\\2011_kung_fu_panda-1920x1200.jpg: The system cannot find the file specified.\n"
time="2023-11-08T14:18:14+05:30" level=info msg="Failed t0 read image open uploads\\branch\\Wallpaper.jpg: The system cannot find the file specified.\n"
time="2023-11-08T14:18:14+05:30" level=info msg="Failed t0 read image open uploads\\branch\\spectacular_horizon-2880x1800.jpg: The system cannot find the file specified.\n"
time="2023-11-08T14:18:14+05:30" level=info msg="Failed t0 read image open uploads\\branch\\black_widow_in_avengers_movie-1920x1080.jpg: The system cannot find the file specified.\n"
time="2023-11-08T14:18:14+05:30" level=info msg="Failed t0 read image open uploads\\branch\\2011_kung_fu_panda-1920x1200.jpg: The system cannot find the file specified.\n"
time="2023-11-08T14:18:14+05:30" level=info msg="Failed t0 read image open uploads\\branch\\flag_of_india-1920x1080.jpg: The system cannot find the file specified.\n"
time="2023-11-08T14:18:14+05:30" level=info msg="Failed t0 read image open uploads\\branch\\spectacular_horizon-2880x1800.jpg: The system cannot find the file specified.\n"
time="2023-11-08T14:22:53+05:30" level=info msg="Failed t0 read image open uploads\\branch\\Wallpaper.jpg: The system cannot find the file specified.\n"
time="2023-11-08T14:22:53+05:30" level=info msg="Failed t0 read image open uploads\\branch\\spectacular_horizon-2880x1800.jpg: The system cannot find the file specified.\n"
time="2023-11-08T14:22:53+05:30" level=info msg="Failed t0 read image open uploads\\branch\\flag_of_india-1920x1080.jpg: The system cannot find the file specified.\n"
time="2023-11-08T14:22:53+05:30" level=info msg="Failed t0 read image open uploads\\branch\\black_widow_in_avengers_movie-1920x1080.jpg: The system cannot find the file specified.\n"
time="2023-11-08T14:22:53+05:30" level=info msg="Failed t0 read image open uploads\\branch\\spectacular_horizon-2880x1800.jpg: The system cannot find the file specified.\n"
time="2023-11-08T14:22:53+05:30" level=info msg="Failed t0 read image open uploads\\branch\\2011_kung_fu_panda-1920x1200.jpg: The system cannot find the file specified.\n"
time="2023-11-08T14:25:22+05:30" level=info msg="Failed t0 read image open uploads\\branch\\spectacular_horizon-2880x1800.jpg: The system cannot find the file specified.\n"
time="2023-11-08T14:25:22+05:30" level=info msg="Failed t0 read image open uploads\\branch\\Wallpaper.jpg: The system cannot find the file specified.\n"
time="2023-11-08T14:25:22+05:30" level=info msg="Failed t0 read image open uploads\\branch\\black_widow_in_avengers_movie-1920x1080.jpg: The system cannot find the file specified.\n"
time="2023-11-08T14:25:22+05:30" level=info msg="Failed t0 read image open uploads\\branch\\2011_kung_fu_panda-1920x1200.jpg: The system cannot find the file specified.\n"
time="2023-11-08T14:25:22+05:30" level=info msg="Failed t0 read image open uploads\\branch\\flag_of_india-1920x1080.jpg: The system cannot find the file specified.\n"
time="2023-11-08T14:25:22+05:30" level=info msg="Failed t0 read image open uploads\\branch\\spectacular_horizon-2880x1800.jpg: The system cannot find the file specified.\n"
time="2023-11-08T14:33:01+05:30" level=info msg="Failed t0 read image open uploads\\branch\\Wallpaper.jpg: The system cannot find the file specified.\n"
time="2023-11-08T14:33:01+05:30" level=info msg="Failed t0 read image open uploads\\branch\\flag_of_india-1920x1080.jpg: The system cannot find the file specified.\n"
time="2023-11-08T14:33:01+05:30" level=info msg="Failed t0 read image open uploads\\branch\\spectacular_horizon-2880x1800.jpg: The system cannot find the file specified.\n"
time="2023-11-08T14:33:01+05:30" level=info msg="Failed t0 read image open uploads\\branch\\2011_kung_fu_panda-1920x1200.jpg: The system cannot find the file specified.\n"
time="2023-11-08T14:33:01+05:30" level=info msg="Failed t0 read image open uploads\\branch\\black_widow_in_avengers_movie-1920x1080.jpg: The system cannot find the file specified.\n"
time="2023-11-08T14:33:01+05:30" level=info msg="Failed t0 read image open uploads\\branch\\spectacular_horizon-2880x1800.jpg: The system cannot find the file specified.\n"
time="2023-11-08T14:33:19+05:30" level=info msg="Failed t0 read image open uploads\\branch\\Wallpaper.jpg: The system cannot find the file specified.\n"
time="2023-11-08T14:33:19+05:30" level=info msg="Failed t0 read image open uploads\\branch\\flag_of_india-1920x1080.jpg: The system cannot find the file specified.\n"
time="2023-11-08T14:33:19+05:30" level=info msg="Failed t0 read image open uploads\\branch\\spectacular_horizon-2880x1800.jpg: The system cannot find the file specified.\n"
time="2023-11-08T14:33:19+05:30" level=info msg="Failed t0 read image open uploads\\branch\\spectacular_horizon-2880x1800.jpg: The system cannot find the file specified.\n"
time="2023-11-08T14:33:19+05:30" level=info msg="Failed t0 read image open uploads\\branch\\black_widow_in_avengers_movie-1920x1080.jpg: The system cannot find the file specified.\n"
time="2023-11-08T14:33:19+05:30" level=info msg="Failed t0 read image open uploads\\branch\\2011_kung_fu_panda-1920x1200.jpg: The system cannot find the file specified.\n"
time="2023-11-08T14:33:53+05:30" level=info msg="Failed t0 read image open uploads\\branch\\Wallpaper.jpg: The system cannot find the file specified.\n"
time="2023-11-08T14:33:53+05:30" level=info msg="Failed t0 read image open uploads\\branch\\flag_of_india-1920x1080.jpg: The system cannot find the file specified.\n"
time="2023-11-08T14:33:53+05:30" level=info msg="Failed t0 read image open uploads\\branch\\spectacular_horizon-2880x1800.jpg: The system cannot find the file specified.\n"
time="2023-11-08T14:33:53+05:30" level=info msg="Failed t0 read image open uploads\\branch\\spectacular_horizon-2880x1800.jpg: The system cannot find the file specified.\n"
time="2023-11-08T14:33:53+05:30" level=info msg="Failed t0 read image open uploads\\branch\\2011_kung_fu_panda-1920x1200.jpg: The system cannot find the file specified.\n"
time="2023-11-08T14:33:53+05:30" level=info msg="Failed t0 read image open uploads\\branch\\black_widow_in_avengers_movie-1920x1080.jpg: The system cannot find the file specified.\n"
time="2023-11-08T14:35:11+05:30" level=info msg="Failed t0 read image open uploads\\branch\\Wallpaper.jpg: The system cannot find the file specified.\n"
time="2023-11-08T14:35:11+05:30" level=info msg="Failed t0 read image open uploads\\branch\\2011_kung_fu_panda-1920x1200.jpg: The system cannot find the file specified.\n"
time="2023-11-08T14:35:11+05:30" level=info msg="Failed t0 read image open uploads\\branch\\spectacular_horizon-2880x1800.jpg: The system cannot find the file specified.\n"
time="2023-11-08T14:35:11+05:30" level=info msg="Failed t0 read image open uploads\\branch\\spectacular_horizon-2880x1800.jpg: The system cannot find the file specified.\n"
time="2023-11-08T14:35:11+05:30" level=info msg="Failed t0 read image open uploads\\branch\\flag_of_india-1920x1080.jpg: The system cannot find the file specified.\n"
time="2023-11-08T14:35:11+05:30" level=info msg="Failed t0 read image open uploads\\branch\\black_widow_in_avengers_movie-1920x1080.jpg: The system cannot find the file specified.\n"
time="2023-11-08T14:42:41+05:30" level=info msg="Failed t0 read image open uploads\\branch\\Wallpaper.jpg: The system cannot find the file specified.\n"
time="2023-11-08T14:42:41+05:30" level=info msg="Failed t0 read image open uploads\\branch\\spectacular_horizon-2880x1800.jpg: The system cannot find the file specified.\n"
time="2023-11-08T14:42:41+05:30" level=info msg="Failed t0 read image open uploads\\branch\\black_widow_in_avengers_movie-1920x1080.jpg: The system cannot find the file specified.\n"
time="2023-11-08T14:42:41+05:30" level=info msg="Failed t0 read image open uploads\\branch\\flag_of_india-1920x1080.jpg: The system cannot find the file specified.\n"
time="2023-11-08T14:42:41+05:30" level=info msg="Failed t0 read image open uploads\\branch\\2011_kung_fu_panda-1920x1200.jpg: The system cannot find the file specified.\n"
time="2023-11-08T14:42:41+05:30" level=info msg="Failed t0 read image open uploads\\branch\\spectacular_horizon-2880x1800.jpg: The system cannot find the file specified.\n"
time="2023-11-08T14:56:11+05:30" level=info msg="Failed t0 read image open uploads\\branch\\spectacular_horizon-2880x1800.jpg: The system cannot find the file specified.\n"
time="2023-11-08T14:56:11+05:30" level=info msg="Failed t0 read image open uploads\\branch\\Wallpaper.jpg: The system cannot find the file specified.\n"
time="2023-11-08T14:56:11+05:30" level=info msg="Failed t0 read image open uploads\\branch\\2011_kung_fu_panda-1920x1200.jpg: The system cannot find the file specified.\n"
time="2023-11-08T14:56:11+05:30" level=info msg="Failed t0 read image open uploads\\branch\\black_widow_in_avengers_movie-1920x1080.jpg: The system cannot find the file specified.\n"
time="2023-11-08T14:56:11+05:30" level=info msg="Failed t0 read image open uploads\\branch\\flag_of_india-1920x1080.jpg: The system cannot find the file specified.\n"
time="2023-11-08T14:56:11+05:30" level=info msg="Failed t0 read image open uploads\\branch\\spectacular_horizon-2880x1800.jpg: The system cannot find the file specified.\n"
time="2023-11-08T14:57:05+05:30" level=info msg="Failed t0 read image open uploads\\branch\\Wallpaper.jpg: The system cannot find the file specified.\n"
time="2023-11-08T14:57:05+05:30" level=info msg="Failed t0 read image open uploads\\branch\\spectacular_horizon-2880x1800.jpg: The system cannot find the file specified.\n"
time="2023-11-08T14:57:05+05:30" level=info msg="Failed t0 read image open uploads\\branch\\2011_kung_fu_panda-1920x1200.jpg: The system cannot find the file specified.\n"
time="2023-11-08T14:57:05+05:30" level=info msg="Failed t0 read image open uploads\\branch\\black_widow_in_avengers_movie-1920x1080.jpg: The system cannot find the file specified.\n"
time="2023-11-08T14:57:05+05:30" level=info msg="Failed t0 read image open uploads\\branch\\spectacular_horizon-2880x1800.jpg: The system cannot find the file specified.\n"
time="2023-11-08T14:57:05+05:30" level=info msg="Failed t0 read image open uploads\\branch\\flag_of_india-1920x1080.jpg: The system cannot find the file specified.\n"
time="2023-11-08T14:57:32+05:30" level=info msg="Failed t0 read image open uploads\\branch\\spectacular_horizon-2880x1800.jpg: The system cannot find the file specified.\n"
time="2023-11-08T14:57:32+05:30" level=info msg="Failed t0 read image open uploads\\branch\\Wallpaper.jpg: The system cannot find the file specified.\n"
time="2023-11-08T14:57:32+05:30" level=info msg="Failed t0 read image open uploads\\branch\\flag_of_india-1920x1080.jpg: The system cannot find the file specified.\n"
time="2023-11-08T14:57:32+05:30" level=info msg="Failed t0 read image open uploads\\branch\\black_widow_in_avengers_movie-1920x1080.jpg: The system cannot find the file specified.\n"
time="2023-11-08T14:57:32+05:30" level=info msg="Failed t0 read image open uploads\\branch\\2011_kung_fu_panda-1920x1200.jpg: The system cannot find the file specified.\n"
time="2023-11-08T14:57:32+05:30" level=info msg="Failed t0 read image open uploads\\branch\\spectacular_horizon-2880x1800.jpg: The system cannot find the file specified.\n"
time="2023-11-08T14:57:58+05:30" level=info msg="Failed t0 read image open uploads\\branch\\flag_of_india-1920x1080.jpg: The system cannot find the file specified.\n"
time="2023-11-08T14:57:58+05:30" level=info msg="Failed t0 read image open uploads\\branch\\Wallpaper.jpg: The system cannot find the file specified.\n"
time="2023-11-08T14:57:58+05:30" level=info msg="Failed t0 read image open uploads\\branch\\spectacular_horizon-2880x1800.jpg: The system cannot find the file specified.\n"
time="2023-11-08T14:57:58+05:30" level=info msg="Failed t0 read image open uploads\\branch\\black_widow_in_avengers_movie-1920x1080.jpg: The system cannot find the file specified.\n"
time="2023-11-08T14:57:58+05:30" level=info msg="Failed t0 read image open uploads\\branch\\2011_kung_fu_panda-1920x1200.jpg: The system cannot find the file specified.\n"
time="2023-11-08T14:57:58+05:30" level=info msg="Failed t0 read image open uploads\\branch\\spectacular_horizon-2880x1800.jpg: The system cannot find the file specified.\n"
time="2023-11-08T14:59:19+05:30" level=info msg="Failed t0 read image open uploads\\branch\\Wallpaper.jpg: The system cannot find the file specified.\n"
time="2023-11-08T14:59:19+05:30" level=info msg="Failed t0 read image open uploads\\branch\\2011_kung_fu_panda-1920x1200.jpg: The system cannot find the file specified.\n"
time="2023-11-08T14:59:19+05:30" level=info msg="Failed t0 read image open uploads\\branch\\black_widow_in_avengers_movie-1920x1080.jpg: The system cannot find the file specified.\n"
time="2023-11-08T14:59:19+05:30" level=info msg="Failed t0 read image open uploads\\branch\\spectacular_horizon-2880x1800.jpg: The system cannot find the file specified.\n"
time="2023-11-08T14:59:19+05:30" level=info msg="Failed t0 read image open uploads\\branch\\flag_of_india-1920x1080.jpg: The system cannot find the file specified.\n"
time="2023-11-08T14:59:19+05:30" level=info msg="Failed t0 read image open uploads\\branch\\spectacular_horizon-2880x1800.jpg: The system cannot find the file specified.\n"
time="2023-11-08T15:00:00+05:30" level=info msg="Failed t0 read image open uploads\\branch\\spectacular_horizon-2880x1800.jpg: The system cannot find the file specified.\n"
time="2023-11-08T15:00:00+05:30" level=info msg="Failed t0 read image open uploads\\branch\\flag_of_india-1920x1080.jpg: The system cannot find the file specified.\n"
time="2023-11-08T15:00:00+05:30" level=info msg="Failed t0 read image open uploads\\branch\\2011_kung_fu_panda-1920x1200.jpg: The system cannot find the file specified.\n"
time="2023-11-08T15:00:00+05:30" level=info msg="Failed t0 read image open uploads\\branch\\spectacular_horizon-2880x1800.jpg: The system cannot find the file specified.\n"
time="2023-11-08T15:00:00+05:30" level=info msg="Failed t0 read image open uploads\\branch\\black_widow_in_avengers_movie-1920x1080.jpg: The system cannot find the file specified.\n"
time="2023-11-08T15:00:00+05:30" level=info msg="Failed t0 read image open uploads\\branch\\Wallpaper.jpg: The system cannot find the file specified.\n"
time="2023-11-08T15:01:34+05:30" level=info msg="Failed t0 read image open uploads\\branch\\Wallpaper.jpg: The system cannot find the file specified.\n"
time="2023-11-08T15:01:34+05:30" level=info msg="Failed t0 read image open uploads\\branch\\spectacular_horizon-2880x1800.jpg: The system cannot find the file specified.\n"
time="2023-11-08T15:01:34+05:30" level=info msg="Failed t0 read image open uploads\\branch\\black_widow_in_avengers_movie-1920x1080.jpg: The system cannot find the file specified.\n"
time="2023-11-08T15:01:34+05:30" level=info msg="Failed t0 read image open uploads\\branch\\flag_of_india-1920x1080.jpg: The system cannot find the file specified.\n"
time="2023-11-08T15:01:34+05:30" level=info msg="Failed t0 read image open uploads\\branch\\spectacular_horizon-2880x1800.jpg: The system cannot find the file specified.\n"
time="2023-11-08T15:01:34+05:30" level=info msg="Failed t0 read image open uploads\\branch\\2011_kung_fu_panda-1920x1200.jpg: The system cannot find the file specified.\n"
time="2023-11-08T15:19:22+05:30" level=info msg="Failed t0 read image open uploads\\branch\\Wallpaper.jpg: The system cannot find the file specified.\n"
time="2023-11-08T15:19:22+05:30" level=info msg="Failed t0 read image open uploads\\branch\\spectacular_horizon-2880x1800.jpg: The system cannot find the file specified.\n"
time="2023-11-08T15:19:22+05:30" level=info msg="Failed t0 read image open uploads\\branch\\2011_kung_fu_panda-1920x1200.jpg: The system cannot find the file specified.\n"
time="2023-11-08T15:19:22+05:30" level=info msg="Failed t0 read image open uploads\\branch\\spectacular_horizon-2880x1800.jpg: The system cannot find the file specified.\n"
time="2023-11-08T15:19:22+05:30" level=info msg="Failed t0 read image open uploads\\branch\\black_widow_in_avengers_movie-1920x1080.jpg: The system cannot find the file specified.\n"
time="2023-11-08T15:19:22+05:30" level=info msg="Failed t0 read image open uploads\\branch\\flag_of_india-1920x1080.jpg: The system cannot find the file specified.\n"
time="2023-11-08T15:19:50+05:30" level=info msg="Failed t0 read image open uploads\\branch\\spectacular_horizon-2880x1800.jpg: The system cannot find the file specified.\n"
time="2023-11-08T15:19:50+05:30" level=info msg="Failed t0 read image open uploads\\branch\\Wallpaper.jpg: The system cannot find the file specified.\n"
time="2023-11-08T15:19:50+05:30" level=info msg="Failed t0 read image open uploads\\branch\\spectacular_horizon-2880x1800.jpg: The system cannot find the file specified.\n"
time="2023-11-08T15:19:50+05:30" level=info msg="Failed t0 read image open uploads\\branch\\2011_kung_fu_panda-1920x1200.jpg: The system cannot find the file specified.\n"
time="2023-11-08T15:19:50+05:30" level=info msg="Failed t0 read image open uploads\\branch\\black_widow_in_avengers_movie-1920x1080.jpg: The system cannot find the file specified.\n"
time="2023-11-08T15:19:50+05:30" level=info msg="Failed t0 read image open uploads\\branch\\flag_of_india-1920x1080.jpg: The system cannot find the file specified.\n"
time="2023-11-08T15:20:04+05:30" level=info msg="Failed t0 read image open uploads\\branch\\Wallpaper.jpg: The system cannot find the file specified.\n"
time="2023-11-08T15:20:04+05:30" level=info msg="Failed t0 read image open uploads\\branch\\flag_of_india-1920x1080.jpg: The system cannot find the file specified.\n"
time="2023-11-08T15:20:04+05:30" level=info msg="Failed t0 read image open uploads\\branch\\2011_kung_fu_panda-1920x1200.jpg: The system cannot find the file specified.\n"
time="2023-11-08T15:20:04+05:30" level=info msg="Failed t0 read image open uploads\\branch\\black_widow_in_avengers_movie-1920x1080.jpg: The system cannot find the file specified.\n"
time="2023-11-08T15:20:04+05:30" level=info msg="Failed t0 read image open uploads\\branch\\spectacular_horizon-2880x1800.jpg: The system cannot find the file specified.\n"
time="2023-11-08T15:20:04+05:30" level=info msg="Failed t0 read image open uploads\\branch\\spectacular_horizon-2880x1800.jpg: The system cannot find the file specified.\n"
time="2023-11-08T15:21:28+05:30" level=info msg="Failed t0 read image open uploads\\branch\\spectacular_horizon-2880x1800.jpg: The system cannot find the file specified.\n"
time="2023-11-08T15:21:28+05:30" level=info msg="Failed t0 read image open uploads\\branch\\Wallpaper.jpg: The system cannot find the file specified.\n"
time="2023-11-08T15:21:28+05:30" level=info msg="Failed t0 read image open uploads\\branch\\2011_kung_fu_panda-1920x1200.jpg: The system cannot find the file specified.\n"
time="2023-11-08T15:21:28+05:30" level=info msg="Failed t0 read image open uploads\\branch\\flag_of_india-1920x1080.jpg: The system cannot find the file specified.\n"
time="2023-11-08T15:21:28+05:30" level=info msg="Failed t0 read image open uploads\\branch\\spectacular_horizon-2880x1800.jpg: The system cannot find the file specified.\n"
time="2023-11-08T15:21:28+05:30" level=info msg="Failed t0 read image open uploads\\branch\\black_widow_in_avengers_movie-1920x1080.jpg: The system cannot find the file specified.\n"
time="2023-11-08T15:21:57+05:30" level=info msg="Failed t0 read image open uploads\\branch\\spectacular_horizon-2880x1800.jpg: The system cannot find the file specified.\n"
time="2023-11-08T15:21:57+05:30" level=info msg="Failed t0 read image open uploads\\branch\\Wallpaper.jpg: The system cannot find the file specified.\n"
time="2023-11-08T15:21:57+05:30" level=info msg="Failed t0 read image open uploads\\branch\\black_widow_in_avengers_movie-1920x1080.jpg: The system cannot find the file specified.\n"
time="2023-11-08T15:21:57+05:30" level=info msg="Failed t0 read image open uploads\\branch\\2011_kung_fu_panda-1920x1200.jpg: The system cannot find the file specified.\n"
time="2023-11-08T15:21:57+05:30" level=info msg="Failed t0 read image open uploads\\branch\\flag_of_india-1920x1080.jpg: The system cannot find the file specified.\n"
time="2023-11-08T15:21:57+05:30" level=info msg="Failed t0 read image open uploads\\branch\\spectacular_horizon-2880x1800.jpg: The system cannot find the file specified.\n"
time="2023-11-08T15:37:40+05:30" level=info msg="Failed t0 read image open uploads\\branch\\Wallpaper.jpg: The system cannot find the file specified.\n"
time="2023-11-08T15:37:40+05:30" level=info msg="Failed t0 read image open uploads\\branch\\spectacular_horizon-2880x1800.jpg: The system cannot find the file specified.\n"
time="2023-11-08T15:37:40+05:30" level=info msg="Failed t0 read image open uploads\\branch\\2011_kung_fu_panda-1920x1200.jpg: The system cannot find the file specified.\n"
time="2023-11-08T15:37:40+05:30" level=info msg="Failed t0 read image open uploads\\branch\\black_widow_in_avengers_movie-1920x1080.jpg: The system cannot find the file specified.\n"
time="2023-11-08T15:37:40+05:30" level=info msg="Failed t0 read image open uploads\\branch\\flag_of_india-1920x1080.jpg: The system cannot find the file specified.\n"
time="2023-11-08T15:37:40+05:30" level=info msg="Failed t0 read image open uploads\\branch\\spectacular_horizon-2880x1800.jpg: The system cannot find the file specified.\n"
time="2023-11-08T15:38:17+05:30" level=info msg="Failed t0 read image open uploads\\branch\\Wallpaper.jpg: The system cannot find the file specified.\n"
time="2023-11-08T15:38:17+05:30" level=info msg="Failed t0 read image open uploads\\branch\\spectacular_horizon-2880x1800.jpg: The system cannot find the file specified.\n"
time="2023-11-08T15:38:17+05:30" level=info msg="Failed t0 read image open uploads\\branch\\flag_of_india-1920x1080.jpg: The system cannot find the file specified.\n"
time="2023-11-08T15:38:17+05:30" level=info msg="Failed t0 read image open uploads\\branch\\spectacular_horizon-2880x1800.jpg: The system cannot find the file specified.\n"
time="2023-11-08T15:38:17+05:30" level=info msg="Failed t0 read image open uploads\\branch\\2011_kung_fu_panda-1920x1200.jpg: The system cannot find the file specified.\n"
time="2023-11-08T15:38:17+05:30" level=info msg="Failed t0 read image open uploads\\branch\\black_widow_in_avengers_movie-1920x1080.jpg: The system cannot find the file specified.\n"
time="2023-11-08T15:38:40+05:30" level=info msg="Failed t0 read image open uploads\\branch\\Wallpaper.jpg: The system cannot find the file specified.\n"
time="2023-11-08T15:38:40+05:30" level=info msg="Failed t0 read image open uploads\\branch\\spectacular_horizon-2880x1800.jpg: The system cannot find the file specified.\n"
time="2023-11-08T15:38:40+05:30" level=info msg="Failed t0 read image open uploads\\branch\\black_widow_in_avengers_movie-1920x1080.jpg: The system cannot find the file specified.\n"
time="2023-11-08T15:38:40+05:30" level=info msg="Failed t0 read image open uploads\\branch\\flag_of_india-1920x1080.jpg: The system cannot find the file specified.\n"
time="2023-11-08T15:38:40+05:30" level=info msg="Failed t0 read image open uploads\\branch\\2011_kung_fu_panda-1920x1200.jpg: The system cannot find the file specified.\n"
time="2023-11-08T15:38:40+05:30" level=info msg="Failed t0 read image open uploads\\branch\\spectacular_horizon-2880x1800.jpg: The system cannot find the file specified.\n"
time="2023-11-08T15:40:10+05:30" level=info msg="Failed t0 read image open uploads\\branch\\Wallpaper.jpg: The system cannot find the file specified.\n"
time="2023-11-08T15:40:10+05:30" level=info msg="Failed t0 read image open uploads\\branch\\spectacular_horizon-2880x1800.jpg: The system cannot find the file specified.\n"
time="2023-11-08T15:40:10+05:30" level=info msg="Failed t0 read image open uploads\\branch\\black_widow_in_avengers_movie-1920x1080.jpg: The system cannot find the file specified.\n"
time="2023-11-08T15:40:10+05:30" level=info msg="Failed t0 read image open uploads\\branch\\spectacular_horizon-2880x1800.jpg: The system cannot find the file specified.\n"
time="2023-11-08T15:40:10+05:30" level=info msg="Failed t0 read image open uploads\\branch\\2011_kung_fu_panda-1920x1200.jpg: The system cannot find the file specified.\n"
time="2023-11-08T15:40:10+05:30" level=info msg="Failed t0 read image open uploads\\branch\\flag_of_india-1920x1080.jpg: The system cannot find the file specified.\n"
time="2023-11-08T15:40:30+05:30" level=info msg="Failed t0 read image open uploads\\branch\\Wallpaper.jpg: The system cannot find the file specified.\n"
time="2023-11-08T15:40:30+05:30" level=info msg="Failed t0 read image open uploads\\branch\\spectacular_horizon-2880x1800.jpg: The system cannot find the file specified.\n"
time="2023-11-08T15:40:30+05:30" level=info msg="Failed t0 read image open uploads\\branch\\2011_kung_fu_panda-1920x1200.jpg: The system cannot find the file specified.\n"
time="2023-11-08T15:40:30+05:30" level=info msg="Failed t0 read image open uploads\\branch\\flag_of_india-1920x1080.jpg: The system cannot find the file specified.\n"
time="2023-11-08T15:40:30+05:30" level=info msg="Failed t0 read image open uploads\\branch\\black_widow_in_avengers_movie-1920x1080.jpg: The system cannot find the file specified.\n"
time="2023-11-08T15:40:30+05:30" level=info msg="Failed t0 read image open uploads\\branch\\spectacular_horizon-2880x1800.jpg: The system cannot find the file specified.\n"
time="2023-11-08T15:41:22+05:30" level=info msg="Failed t0 read image open uploads\\branch\\Wallpaper.jpg: The system cannot find the file specified.\n"
time="2023-11-08T15:41:22+05:30" level=info msg="Failed t0 read image open uploads\\branch\\spectacular_horizon-2880x1800.jpg: The system cannot find the file specified.\n"
time="2023-11-08T15:41:22+05:30" level=info msg="Failed t0 read image open uploads\\branch\\black_widow_in_avengers_movie-1920x1080.jpg: The system cannot find the file specified.\n"
time="2023-11-08T15:41:22+05:30" level=info msg="Failed t0 read image open uploads\\branch\\2011_kung_fu_panda-1920x1200.jpg: The system cannot find the file specified.\n"
time="2023-11-08T15:41:22+05:30" level=info msg="Failed t0 read image open uploads\\branch\\spectacular_horizon-2880x1800.jpg: The system cannot find the file specified.\n"
time="2023-11-08T15:41:22+05:30" level=info msg="Failed t0 read image open uploads\\branch\\flag_of_india-1920x1080.jpg: The system cannot find the file specified.\n"
time="2023-11-08T15:41:41+05:30" level=info msg="Failed t0 read image open uploads\\branch\\Wallpaper.jpg: The system cannot find the file specified.\n"
time="2023-11-08T15:41:41+05:30" level=info msg="Failed t0 read image open uploads\\branch\\spectacular_horizon-2880x1800.jpg: The system cannot find the file specified.\n"
time="2023-11-08T15:41:41+05:30" level=info msg="Failed t0 read image open uploads\\branch\\flag_of_india-1920x1080.jpg: The system cannot find the file specified.\n"
time="2023-11-08T15:41:41+05:30" level=info msg="Failed t0 read image open uploads\\branch\\2011_kung_fu_panda-1920x1200.jpg: The system cannot find the file specified.\n"
time="2023-11-08T15:41:41+05:30" level=info msg="Failed t0 read image open uploads\\branch\\black_widow_in_avengers_movie-1920x1080.jpg: The system cannot find the file specified.\n"
time="2023-11-08T15:41:41+05:30" level=info msg="Failed t0 read image open uploads\\branch\\spectacular_horizon-2880x1800.jpg: The system cannot find the file specified.\n"
time="2023-11-08T16:05:51+05:30" level=info msg="Failed t0 read image open uploads\\branch\\Wallpaper.jpg: The system cannot find the file specified.\n"
time="2023-11-08T16:05:52+05:30" level=info msg="Failed t0 read image open uploads\\branch\\spectacular_horizon-2880x1800.jpg: The system cannot find the file specified.\n"
time="2023-11-08T16:05:52+05:30" level=info msg="Failed t0 read image open uploads\\branch\\black_widow_in_avengers_movie-1920x1080.jpg: The system cannot find the file specified.\n"
time="2023-11-08T16:05:52+05:30" level=info msg="Failed t0 read image open uploads\\branch\\2011_kung_fu_panda-1920x1200.jpg: The system cannot find the file specified.\n"
time="2023-11-08T16:05:52+05:30" level=info msg="Failed t0 read image open uploads\\branch\\spectacular_horizon-2880x1800.jpg: The system cannot find the file specified.\n"
time="2023-11-08T16:05:52+05:30" level=info msg="Failed t0 read image open uploads\\branch\\flag_of_india-1920x1080.jpg: The system cannot find the file specified.\n"
time="2023-11-08T16:09:48+05:30" level=info msg="Failed t0 read image open uploads\\branch\\spectacular_horizon-2880x1800.jpg: The system cannot find the file specified.\n"
time="2023-11-08T16:09:48+05:30" level=info msg="Failed t0 read image open uploads\\branch\\Wallpaper.jpg: The system cannot find the file specified.\n"
time="2023-11-08T16:09:48+05:30" level=info msg="Failed t0 read image open uploads\\branch\\2011_kung_fu_panda-1920x1200.jpg: The system cannot find the file specified.\n"
time="2023-11-08T16:09:48+05:30" level=info msg="Failed t0 read image open uploads\\branch\\flag_of_india-1920x1080.jpg: The system cannot find the file specified.\n"
time="2023-11-08T16:09:48+05:30" level=info msg="Failed t0 read image open uploads\\branch\\black_widow_in_avengers_movie-1920x1080.jpg: The system cannot find the file specified.\n"
time="2023-11-08T16:09:48+05:30" level=info msg="Failed t0 read image open uploads\\branch\\spectacular_horizon-2880x1800.jpg: The system cannot find the file specified.\n"
time="2023-11-08T16:16:49+05:30" level=info msg="Failed t0 read image open uploads\\branch\\spectacular_horizon-2880x1800.jpg: The system cannot find the file specified.\n"
time="2023-11-08T16:16:49+05:30" level=info msg="Failed t0 read image open uploads\\branch\\2011_kung_fu_panda-1920x1200.jpg: The system cannot find the file specified.\n"
time="2023-11-08T16:16:49+05:30" level=info msg="Failed t0 read image open uploads\\branch\\Wallpaper.jpg: The system cannot find the file specified.\n"
time="2023-11-08T16:16:49+05:30" level=info msg="Failed t0 read image open uploads\\branch\\flag_of_india-1920x1080.jpg: The system cannot find the file specified.\n"
time="2023-11-08T16:16:49+05:30" level=info msg="Failed t0 read image open uploads\\branch\\spectacular_horizon-2880x1800.jpg: The system cannot find the file specified.\n"
time="2023-11-08T16:16:49+05:30" level=info msg="Failed t0 read image open uploads\\branch\\black_widow_in_avengers_movie-1920x1080.jpg: The system cannot find the file specified.\n"
time="2023-11-08T16:25:21+05:30" level=info msg="Failed t0 read image open uploads\\branch\\Wallpaper.jpg: The system cannot find the file specified.\n"
time="2023-11-08T16:25:21+05:30" level=info msg="Failed t0 read image open uploads\\branch\\spectacular_horizon-2880x1800.jpg: The system cannot find the file specified.\n"
time="2023-11-08T16:25:21+05:30" level=info msg="Failed t0 read image open uploads\\branch\\black_widow_in_avengers_movie-1920x1080.jpg: The system cannot find the file specified.\n"
time="2023-11-08T16:25:21+05:30" level=info msg="Failed t0 read image open uploads\\branch\\spectacular_horizon-2880x1800.jpg: The system cannot find the file specified.\n"
time="2023-11-08T16:25:21+05:30" level=info msg="Failed t0 read image open uploads\\branch\\flag_of_india-1920x1080.jpg: The system cannot find the file specified.\n"
time="2023-11-08T16:25:21+05:30" level=info msg="Failed t0 read image open uploads\\branch\\2011_kung_fu_panda-1920x1200.jpg: The system cannot find the file specified.\n"
time="2023-11-08T16:27:22+05:30" level=info msg="Failed t0 read image open uploads\\branch\\Wallpaper.jpg: The system cannot find the file specified.\n"
time="2023-11-08T16:27:22+05:30" level=info msg="Failed t0 read image open uploads\\branch\\spectacular_horizon-2880x1800.jpg: The system cannot find the file specified.\n"
time="2023-11-08T16:27:22+05:30" level=info msg="Failed t0 read image open uploads\\branch\\flag_of_india-1920x1080.jpg: The system cannot find the file specified.\n"
time="2023-11-08T16:27:22+05:30" level=info msg="Failed t0 read image open uploads\\branch\\black_widow_in_avengers_movie-1920x1080.jpg: The system cannot find the file specified.\n"
time="2023-11-08T16:27:22+05:30" level=info msg="Failed t0 read image open uploads\\branch\\2011_kung_fu_panda-1920x1200.jpg: The system cannot find the file specified.\n"
time="2023-11-08T16:27:22+05:30" level=info msg="Failed t0 read image open uploads\\branch\\spectacular_horizon-2880x1800.jpg: The system cannot find the file specified.\n"
time="2023-11-08T16:27:44+05:30" level=info msg="Failed t0 read image open uploads\\branch\\spectacular_horizon-2880x1800.jpg: The system cannot find the file specified.\n"
time="2023-11-08T16:27:44+05:30" level=info msg="Failed t0 read image open uploads\\branch\\Wallpaper.jpg: The system cannot find the file specified.\n"
time="2023-11-08T16:27:44+05:30" level=info msg="Failed t0 read image open uploads\\branch\\flag_of_india-1920x1080.jpg: The system cannot find the file specified.\n"
time="2023-11-08T16:27:44+05:30" level=info msg="Failed t0 read image open uploads\\branch\\2011_kung_fu_panda-1920x1200.jpg: The system cannot find the file specified.\n"
time="2023-11-08T16:27:44+05:30" level=info msg="Failed t0 read image open uploads\\branch\\spectacular_horizon-2880x1800.jpg: The system cannot find the file specified.\n"
time="2023-11-08T16:27:44+05:30" level=info msg="Failed t0 read image open uploads\\branch\\black_widow_in_avengers_movie-1920x1080.jpg: The system cannot find the file specified.\n"
time="2023-11-08T16:30:34+05:30" level=info msg="Failed t0 read image open uploads\\branch\\Wallpaper.jpg: The system cannot find the file specified.\n"
time="2023-11-08T16:30:34+05:30" level=info msg="Failed t0 read image open uploads\\branch\\black_widow_in_avengers_movie-1920x1080.jpg: The system cannot find the file specified.\n"
time="2023-11-08T16:30:34+05:30" level=info msg="Failed t0 read image open uploads\\branch\\flag_of_india-1920x1080.jpg: The system cannot find the file specified.\n"
time="2023-11-08T16:30:34+05:30" level=info msg="Failed t0 read image open uploads\\branch\\2011_kung_fu_panda-1920x1200.jpg: The system cannot find the file specified.\n"
time="2023-11-08T16:30:34+05:30" level=info msg="Failed t0 read image open uploads\\branch\\spectacular_horizon-2880x1800.jpg: The system cannot find the file specified.\n"
time="2023-11-08T16:30:34+05:30" level=info msg="Failed t0 read image open uploads\\branch\\spectacular_horizon-2880x1800.jpg: The system cannot find the file specified.\n"
time="2023-11-08T16:31:04+05:30" level=info msg="Failed t0 read image open uploads\\branch\\2011_kung_fu_panda-1920x1200.jpg: The system cannot find the file specified.\n"
time="2023-11-08T16:31:04+05:30" level=info msg="Failed t0 read image open uploads\\branch\\flag_of_india-1920x1080.jpg: The system cannot find the file specified.\n"
time="2023-11-08T16:31:04+05:30" level=info msg="Failed t0 read image open uploads\\branch\\spectacular_horizon-2880x1800.jpg: The system cannot find the file specified.\n"
time="2023-11-08T16:31:04+05:30" level=info msg="Failed t0 read image open uploads\\branch\\black_widow_in_avengers_movie-1920x1080.jpg: The system cannot find the file specified.\n"
time="2023-11-08T16:31:04+05:30" level=info msg="Failed t0 read image open uploads\\branch\\spectacular_horizon-2880x1800.jpg: The system cannot find the file specified.\n"
time="2023-11-08T16:31:04+05:30" level=info msg="Failed t0 read image open uploads\\branch\\Wallpaper.jpg: The system cannot find the file specified.\n"
time="2023-11-08T16:39:12+05:30" level=info msg="Failed t0 read image open uploads\\branch\\spectacular_horizon-2880x1800.jpg: The system cannot find the file specified.\n"
time="2023-11-08T16:39:12+05:30" level=info msg="Failed t0 read image open uploads\\branch\\flag_of_india-1920x1080.jpg: The system cannot find the file specified.\n"
time="2023-11-08T16:39:12+05:30" level=info msg="Failed t0 read image open uploads\\branch\\black_widow_in_avengers_movie-1920x1080.jpg: The system cannot find the file specified.\n"
time="2023-11-08T16:39:12+05:30" level=info msg="Failed t0 read image open uploads\\branch\\Wallpaper.jpg: The system cannot find the file specified.\n"
time="2023-11-08T16:39:12+05:30" level=info msg="Failed t0 read image open uploads\\branch\\2011_kung_fu_panda-1920x1200.jpg: The system cannot find the file specified.\n"
time="2023-11-08T16:39:12+05:30" level=info msg="Failed t0 read image open uploads\\branch\\spectacular_horizon-2880x1800.jpg: The system cannot find the file specified.\n"
time="2023-11-08T16:41:14+05:30" level=info msg="Failed t0 read image open uploads\\branch\\Wallpaper.jpg: The system cannot find the file specified.\n"
time="2023-11-08T16:41:14+05:30" level=info msg="Failed t0 read image open uploads\\branch\\spectacular_horizon-2880x1800.jpg: The system cannot find the file specified.\n"
time="2023-11-08T16:41:14+05:30" level=info msg="Failed t0 read image open uploads\\branch\\flag_of_india-1920x1080.jpg: The system cannot find the file specified.\n"
time="2023-11-08T16:41:14+05:30" level=info msg="Failed t0 read image open uploads\\branch\\black_widow_in_avengers_movie-1920x1080.jpg: The system cannot find the file specified.\n"
time="2023-11-08T16:41:14+05:30" level=info msg="Failed t0 read image open uploads\\branch\\2011_kung_fu_panda-1920x1200.jpg: The system cannot find the file specified.\n"
time="2023-11-08T16:41:14+05:30" level=info msg="Failed t0 read image open uploads\\branch\\spectacular_horizon-2880x1800.jpg: The system cannot find the file specified.\n"
time="2023-11-09T12:07:06+05:30" level=info msg="Failed t0 read image open uploads\\branch\\spectacular_horizon-2880x1800.jpg: The system cannot find the file specified.\n"
time="2023-11-09T12:07:06+05:30" level=info msg="Failed t0 read image open uploads\\branch\\spectacular_horizon-2880x1800.jpg: The system cannot find the file specified.\n"
time="2023-11-09T12:07:06+05:30" level=info msg="Failed t0 read image open uploads\\branch\\Wallpaper.jpg: The system cannot find the file specified.\n"
time="2023-11-09T12:07:06+05:30" level=info msg="Failed t0 read image open uploads\\branch\\flag_of_india-1920x1080.jpg: The system cannot find the file specified.\n"
time="2023-11-09T12:07:06+05:30" level=info msg="Failed t0 read image open uploads\\branch\\black_widow_in_avengers_movie-1920x1080.jpg: The system cannot find the file specified.\n"
time="2023-11-09T12:07:06+05:30" level=info msg="Failed t0 read image open uploads\\branch\\2011_kung_fu_panda-1920x1200.jpg: The system cannot find the file specified.\n"
time="2023-11-09T12:07:38+05:30" level=info msg="Failed t0 read image open uploads\\branch\\Wallpaper.jpg: The system cannot find the file specified.\n"
time="2023-11-09T12:07:38+05:30" level=info msg="Failed t0 read image open uploads\\branch\\flag_of_india-1920x1080.jpg: The system cannot find the file specified.\n"
time="2023-11-09T12:07:38+05:30" level=info msg="Failed t0 read image open uploads\\branch\\spectacular_horizon-2880x1800.jpg: The system cannot find the file specified.\n"
time="2023-11-09T12:07:38+05:30" level=info msg="Failed t0 read image open uploads\\branch\\2011_kung_fu_panda-1920x1200.jpg: The system cannot find the file specified.\n"
time="2023-11-09T12:07:38+05:30" level=info msg="Failed t0 read image open uploads\\branch\\black_widow_in_avengers_movie-1920x1080.jpg: The system cannot find the file specified.\n"
time="2023-11-09T12:07:38+05:30" level=info msg="Failed t0 read image open uploads\\branch\\spectacular_horizon-2880x1800.jpg: The system cannot find the file specified.\n"
